TN:
SF:models\Campground.js
FNF:0
FNH:0
DA:1,1
DA:2,1
DA:46,1
DA:52,1
DA:59,1
LF:5
LH:5
BRF:0
BRH:0
end_of_record
TN:
SF:models\Promotion.js
FNF:0
FNH:0
DA:1,1
DA:3,1
DA:36,1
LF:3
LH:3
BRF:0
BRH:0
end_of_record
TN:
SF:models\Review.js
FNF:0
FNH:0
DA:1,1
DA:3,1
DA:34,1
LF:3
LH:3
BRF:0
BRH:0
end_of_record
TN:
SF:src\applyPromotion.js
FN:6,(anonymous_0)
FNF:1
FNH:1
FNDA:7,(anonymous_0)
DA:1,1
DA:6,1
DA:7,7
DA:8,7
DA:10,7
DA:11,1
DA:14,6
DA:16,5
DA:17,1
DA:20,4
DA:22,4
DA:23,1
DA:26,3
DA:27,1
DA:30,2
DA:31,1
DA:37,1
DA:38,1
DA:40,1
DA:49,1
DA:50,1
LF:21
LH:21
BRDA:10,0,0,1
BRDA:10,0,1,6
BRDA:16,1,0,1
BRDA:16,1,1,4
BRDA:22,2,0,1
BRDA:22,2,1,3
BRDA:26,3,0,1
BRDA:26,3,1,2
BRDA:26,4,0,3
BRDA:26,4,1,3
BRDA:30,5,0,1
BRDA:30,5,1,1
BRDA:30,6,0,2
BRDA:30,6,1,2
BRF:14
BRH:14
end_of_record
TN:
SF:src\getReviews.js
FN:8,(anonymous_0)
FNF:1
FNH:1
FNDA:3,(anonymous_0)
DA:1,1
DA:2,1
DA:8,1
DA:9,3
DA:12,3
DA:13,1
DA:15,2
DA:18,2
DA:20,2
DA:26,1
DA:27,1
LF:11
LH:11
BRDA:12,0,0,1
BRDA:12,0,1,2
BRF:2
BRH:2
end_of_record
